{"/Users/ronnycontreras/Documents/Prueba/native/src/App.tsx": {"path":"/Users/ronnycontreras/Documents/Prueba/native/src/App.tsx","statementMap":{"0":{"start":{"line":12,"column":0},"end":{"line":16,"column":3}},"1":{"start":{"line":18,"column":0},"end":{"line":18,"column":36}},"2":{"start":{"line":21,"column":2},"end":{"line":36,"column":4}},"3":{"start":{"line":32,"column":10},"end":{"line":32,"column":35}}},"fnMap":{"0":{"name":"App","decl":{"start":{"line":20,"column":16},"end":{"line":20,"column":19}},"loc":{"start":{"line":20,"column":22},"end":{"line":37,"column":1}},"line":20},"1":{"name":"(anonymous_1)","decl":{"start":{"line":31,"column":17},"end":{"line":31,"column":18}},"loc":{"start":{"line":31,"column":23},"end":{"line":33,"column":9}},"line":31}},"branchMap":{},"s":{"0":1,"1":1,"2":1,"3":0},"f":{"0":1,"1":0},"b":{},"_coverageSchema":"1a1c01bbd47fc00a2c39e90264f33305004495a9","hash":"3c7276da5b4414c69e141bcc058297ecc9f0b802"}
,"/Users/ronnycontreras/Documents/Prueba/native/src/assets/bell.png": {"path":"/Users/ronnycontreras/Documents/Prueba/native/src/assets/bell.png","statementMap":{"0":{"start":{"line":1,"column":0},"end":{"line":4,"column":6}}},"fnMap":{},"branchMap":{},"s":{"0":1},"f":{},"b":{},"_coverageSchema":"1a1c01bbd47fc00a2c39e90264f33305004495a9","hash":"4747af67a830a4953064ff47d4857471ab791784"}
,"/Users/ronnycontreras/Documents/Prueba/native/src/assets/newspaper.png": {"path":"/Users/ronnycontreras/Documents/Prueba/native/src/assets/newspaper.png","statementMap":{"0":{"start":{"line":1,"column":0},"end":{"line":4,"column":6}}},"fnMap":{},"branchMap":{},"s":{"0":1},"f":{},"b":{},"_coverageSchema":"1a1c01bbd47fc00a2c39e90264f33305004495a9","hash":"54f0736d257a978c91e7e4f0075b7fe18c429a7c"}
,"/Users/ronnycontreras/Documents/Prueba/native/src/components/Modal/Modal.tsx": {"path":"/Users/ronnycontreras/Documents/Prueba/native/src/components/Modal/Modal.tsx","statementMap":{"0":{"start":{"line":19,"column":14},"end":{"line":45,"column":1}},"1":{"start":{"line":20,"column":2},"end":{"line":44,"column":4}},"2":{"start":{"line":26,"column":28},"end":{"line":26,"column":45}},"3":{"start":{"line":49,"column":15},"end":{"line":73,"column":2}}},"fnMap":{"0":{"name":"(anonymous_0)","decl":{"start":{"line":19,"column":14},"end":{"line":19,"column":15}},"loc":{"start":{"line":19,"column":87},"end":{"line":45,"column":1}},"line":19},"1":{"name":"(anonymous_1)","decl":{"start":{"line":26,"column":22},"end":{"line":26,"column":23}},"loc":{"start":{"line":26,"column":28},"end":{"line":26,"column":45}},"line":26}},"branchMap":{},"s":{"0":1,"1":6,"2":1,"3":1},"f":{"0":6,"1":1},"b":{},"_coverageSchema":"1a1c01bbd47fc00a2c39e90264f33305004495a9","hash":"5880117020f38d6b35d548543bf3ad601f77edb6"}
,"/Users/ronnycontreras/Documents/Prueba/native/src/hooks/useTasks.ts": {"path":"/Users/ronnycontreras/Documents/Prueba/native/src/hooks/useTasks.ts","statementMap":{"0":{"start":{"line":6,"column":34},"end":{"line":6,"column":58}},"1":{"start":{"line":7,"column":32},"end":{"line":7,"column":47}},"2":{"start":{"line":8,"column":28},"end":{"line":8,"column":57}},"3":{"start":{"line":10,"column":2},"end":{"line":26,"column":9}},"4":{"start":{"line":11,"column":23},"end":{"line":22,"column":5}},"5":{"start":{"line":12,"column":6},"end":{"line":12,"column":23}},"6":{"start":{"line":13,"column":6},"end":{"line":13,"column":21}},"7":{"start":{"line":14,"column":6},"end":{"line":21,"column":7}},"8":{"start":{"line":15,"column":25},"end":{"line":15,"column":96}},"9":{"start":{"line":16,"column":8},"end":{"line":16,"column":65}},"10":{"start":{"line":16,"column":58},"end":{"line":16,"column":62}},"11":{"start":{"line":18,"column":8},"end":{"line":18,"column":58}},"12":{"start":{"line":20,"column":8},"end":{"line":20,"column":26}},"13":{"start":{"line":25,"column":4},"end":{"line":25,"column":17}},"14":{"start":{"line":28,"column":2},"end":{"line":28,"column":38}}},"fnMap":{"0":{"name":"useTasks","decl":{"start":{"line":5,"column":16},"end":{"line":5,"column":24}},"loc":{"start":{"line":5,"column":27},"end":{"line":29,"column":1}},"line":5},"1":{"name":"(anonymous_1)","decl":{"start":{"line":10,"column":12},"end":{"line":10,"column":13}},"loc":{"start":{"line":10,"column":18},"end":{"line":26,"column":3}},"line":10},"2":{"name":"(anonymous_2)","decl":{"start":{"line":11,"column":23},"end":{"line":11,"column":24}},"loc":{"start":{"line":11,"column":35},"end":{"line":22,"column":5}},"line":11},"3":{"name":"(anonymous_3)","decl":{"start":{"line":16,"column":38},"end":{"line":16,"column":39}},"loc":{"start":{"line":16,"column":58},"end":{"line":16,"column":62}},"line":16}},"branchMap":{"0":{"loc":{"start":{"line":18,"column":17},"end":{"line":18,"column":56}},"type":"binary-expr","locations":[{"start":{"line":18,"column":17},"end":{"line":18,"column":28}},{"start":{"line":18,"column":32},"end":{"line":18,"column":56}}],"line":18}},"s":{"0":6,"1":6,"2":6,"3":6,"4":2,"5":2,"6":2,"7":2,"8":2,"9":1,"10":1,"11":1,"12":2,"13":2,"14":6},"f":{"0":6,"1":2,"2":2,"3":1},"b":{"0":[1,0]},"_coverageSchema":"1a1c01bbd47fc00a2c39e90264f33305004495a9","hash":"c8e13fb706c75af0296fbb5e0986c8bf0a3cc83d"}
,"/Users/ronnycontreras/Documents/Prueba/native/src/navigation/screens/Home.tsx": {"path":"/Users/ronnycontreras/Documents/Prueba/native/src/navigation/screens/Home.tsx","statementMap":{"0":{"start":{"line":6,"column":2},"end":{"line":13,"column":4}},"1":{"start":{"line":16,"column":15},"end":{"line":23,"column":2}}},"fnMap":{"0":{"name":"Home","decl":{"start":{"line":5,"column":16},"end":{"line":5,"column":20}},"loc":{"start":{"line":5,"column":23},"end":{"line":14,"column":1}},"line":5}},"branchMap":{},"s":{"0":2,"1":1},"f":{"0":2},"b":{},"_coverageSchema":"1a1c01bbd47fc00a2c39e90264f33305004495a9","hash":"6d86634ad0542fa91acab4208d86eadd7af4e079"}
,"/Users/ronnycontreras/Documents/Prueba/native/src/navigation/screens/List.tsx": {"path":"/Users/ronnycontreras/Documents/Prueba/native/src/navigation/screens/List.tsx","statementMap":{"0":{"start":{"line":6,"column":23},"end":{"line":6,"column":33}},"1":{"start":{"line":7,"column":2},"end":{"line":7,"column":24}},"2":{"start":{"line":8,"column":2},"end":{"line":22,"column":4}},"3":{"start":{"line":12,"column":10},"end":{"line":18,"column":17}},"4":{"start":{"line":25,"column":15},"end":{"line":43,"column":2}}},"fnMap":{"0":{"name":"List","decl":{"start":{"line":5,"column":16},"end":{"line":5,"column":20}},"loc":{"start":{"line":5,"column":23},"end":{"line":23,"column":1}},"line":5},"1":{"name":"(anonymous_1)","decl":{"start":{"line":11,"column":22},"end":{"line":11,"column":23}},"loc":{"start":{"line":12,"column":10},"end":{"line":18,"column":17}},"line":12}},"branchMap":{},"s":{"0":1,"1":1,"2":1,"3":1,"4":1},"f":{"0":1,"1":1},"b":{},"_coverageSchema":"1a1c01bbd47fc00a2c39e90264f33305004495a9","hash":"5a87d798f36e06ed914fec4cf574c6979f93003d"}
,"/Users/ronnycontreras/Documents/Prueba/native/src/navigation/screens/Tasks.tsx": {"path":"/Users/ronnycontreras/Documents/Prueba/native/src/navigation/screens/Tasks.tsx","statementMap":{"0":{"start":{"line":9,"column":19},"end":{"line":9,"column":32}},"1":{"start":{"line":11,"column":32},"end":{"line":11,"column":47}},"2":{"start":{"line":12,"column":26},"end":{"line":12,"column":38}},"3":{"start":{"line":14,"column":16},"end":{"line":14,"column":67}},"4":{"start":{"line":14,"column":50},"end":{"line":14,"column":66}},"5":{"start":{"line":16,"column":28},"end":{"line":20,"column":22}},"6":{"start":{"line":17,"column":4},"end":{"line":17,"column":24}},"7":{"start":{"line":18,"column":4},"end":{"line":18,"column":16}},"8":{"start":{"line":19,"column":4},"end":{"line":19,"column":22}},"9":{"start":{"line":22,"column":2},"end":{"line":39,"column":4}},"10":{"start":{"line":24,"column":29},"end":{"line":24,"column":45}},"11":{"start":{"line":26,"column":8},"end":{"line":28,"column":15}},"12":{"start":{"line":36,"column":29},"end":{"line":36,"column":48}},"13":{"start":{"line":42,"column":15},"end":{"line":76,"column":2}}},"fnMap":{"0":{"name":"Tasks","decl":{"start":{"line":8,"column":16},"end":{"line":8,"column":21}},"loc":{"start":{"line":8,"column":24},"end":{"line":40,"column":1}},"line":8},"1":{"name":"(anonymous_1)","decl":{"start":{"line":14,"column":28},"end":{"line":14,"column":29}},"loc":{"start":{"line":14,"column":50},"end":{"line":14,"column":66}},"line":14},"2":{"name":"(anonymous_2)","decl":{"start":{"line":16,"column":40},"end":{"line":16,"column":41}},"loc":{"start":{"line":16,"column":46},"end":{"line":20,"column":3}},"line":16},"3":{"name":"(anonymous_3)","decl":{"start":{"line":24,"column":23},"end":{"line":24,"column":24}},"loc":{"start":{"line":24,"column":29},"end":{"line":24,"column":45}},"line":24},"4":{"name":"(anonymous_4)","decl":{"start":{"line":25,"column":17},"end":{"line":25,"column":18}},"loc":{"start":{"line":26,"column":8},"end":{"line":28,"column":15}},"line":26},"5":{"name":"(anonymous_5)","decl":{"start":{"line":36,"column":23},"end":{"line":36,"column":24}},"loc":{"start":{"line":36,"column":29},"end":{"line":36,"column":48}},"line":36}},"branchMap":{},"s":{"0":3,"1":3,"2":3,"3":3,"4":3,"5":3,"6":1,"7":1,"8":1,"9":3,"10":1,"11":3,"12":1,"13":1},"f":{"0":3,"1":3,"2":1,"3":1,"4":3,"5":1},"b":{},"_coverageSchema":"1a1c01bbd47fc00a2c39e90264f33305004495a9","hash":"53502f63f68fb2652c3b136f170a0baee8aae7ee"}
,"/Users/ronnycontreras/Documents/Prueba/native/src/store/store.ts": {"path":"/Users/ronnycontreras/Documents/Prueba/native/src/store/store.ts","statementMap":{"0":{"start":{"line":5,"column":21},"end":{"line":9,"column":2}}},"fnMap":{},"branchMap":{},"s":{"0":1},"f":{},"b":{},"_coverageSchema":"1a1c01bbd47fc00a2c39e90264f33305004495a9","hash":"d544cc5b8af5204f815a5985ea42e92909cf16c4"}
,"/Users/ronnycontreras/Documents/Prueba/native/src/store/slices/taks.ts": {"path":"/Users/ronnycontreras/Documents/Prueba/native/src/store/slices/taks.ts","statementMap":{"0":{"start":{"line":8,"column":47},"end":{"line":10,"column":1}},"1":{"start":{"line":13,"column":20},"end":{"line":21,"column":2}},"2":{"start":{"line":18,"column":6},"end":{"line":18,"column":53}},"3":{"start":{"line":23,"column":23},"end":{"line":23,"column":35}}},"fnMap":{"0":{"name":"(anonymous_0)","decl":{"start":{"line":17,"column":9},"end":{"line":17,"column":10}},"loc":{"start":{"line":17,"column":28},"end":{"line":19,"column":5}},"line":17}},"branchMap":{},"s":{"0":3,"1":3,"2":3,"3":3},"f":{"0":3},"b":{},"_coverageSchema":"1a1c01bbd47fc00a2c39e90264f33305004495a9","hash":"2d344b6dc68b19553f05094f11fabc6409f43274"}
}
