TN:
SF:src/App.tsx
FN:20,App
FN:31,(anonymous_1)
FNF:2
FNH:1
FNDA:1,App
FNDA:0,(anonymous_1)
DA:12,1
DA:18,1
DA:21,1
DA:32,0
LF:4
LH:3
BRF:0
BRH:0
end_of_record
TN:
SF:src/assets/bell.png
FNF:0
FNH:0
DA:1,1
LF:1
LH:1
BRF:0
BRH:0
end_of_record
TN:
SF:src/assets/newspaper.png
FNF:0
FNH:0
DA:1,1
LF:1
LH:1
BRF:0
BRH:0
end_of_record
TN:
SF:src/components/Modal/Modal.tsx
FN:19,(anonymous_0)
FN:26,(anonymous_1)
FNF:2
FNH:2
FNDA:6,(anonymous_0)
FNDA:1,(anonymous_1)
DA:19,1
DA:20,6
DA:26,1
DA:49,1
LF:4
LH:4
BRF:0
BRH:0
end_of_record
TN:
SF:src/navigation/screens/Home.tsx
FN:5,Home
FNF:1
FNH:1
FNDA:2,Home
DA:6,2
DA:16,1
LF:2
LH:2
BRF:0
BRH:0
end_of_record
TN:
SF:src/navigation/screens/List.tsx
FN:5,List
FNF:1
FNH:1
FNDA:1,List
DA:6,1
DA:13,1
LF:2
LH:2
BRF:0
BRH:0
end_of_record
TN:
SF:src/navigation/screens/Tasks.tsx
FN:8,Tasks
FN:14,(anonymous_1)
FN:16,(anonymous_2)
FN:24,(anonymous_3)
FN:25,(anonymous_4)
FN:36,(anonymous_5)
FNF:6
FNH:6
FNDA:3,Tasks
FNDA:3,(anonymous_1)
FNDA:1,(anonymous_2)
FNDA:1,(anonymous_3)
FNDA:3,(anonymous_4)
FNDA:1,(anonymous_5)
DA:9,3
DA:11,3
DA:12,3
DA:14,3
DA:16,3
DA:17,1
DA:18,1
DA:19,1
DA:22,3
DA:24,1
DA:26,3
DA:36,1
DA:42,1
LF:13
LH:13
BRF:0
BRH:0
end_of_record
TN:
SF:src/store/store.ts
FNF:0
FNH:0
DA:5,1
LF:1
LH:1
BRF:0
BRH:0
end_of_record
TN:
SF:src/store/slices/taks.ts
FN:17,(anonymous_0)
FNF:1
FNH:1
FNDA:3,(anonymous_0)
DA:8,3
DA:13,3
DA:18,3
DA:23,3
LF:4
LH:4
BRF:0
BRH:0
end_of_record
